<?xml version="1.0" encoding="UTF-8"?>
<!-- Generated by org.testng.reporters.JUnitXMLReporter -->
<testsuite ignored="0" hostname="LAPTOP-U7V874M3" failures="1" tests="5" name="Surefire test" time="42.514" errors="0" timestamp="2024-04-24T21:34:09 IST">
  <testcase classname="tests.BuyTest" name="openbrowser" time="4.964"/>
  <testcase classname="tests.LoginTest" name="login" time="6.847"/>
  <testcase classname="tests.LoginTest" name="login" time="6.937"/>
  <testcase classname="tests.LoginTest" name="login" time="6.899"/>
  <testcase classname="tests.SecondTest" name="sample" time="2.562">
    <failure type="java.lang.AssertionError" message="expected [true] but found [false]">
      <![CDATA[java.lang.AssertionError: expected [true] but found [false]
at tests.SecondTest.sample(SecondTest.java:18)
at java.base/java.util.ArrayList.forEach(ArrayList.java:1541)
... Removed 36 stack frames]]>
    </failure>
  </testcase> <!-- sample -->
</testsuite> <!-- Surefire test -->
