<?xml version="1.0" encoding="UTF-8"?>
<!-- Generated by org.testng.reporters.JUnitXMLReporter -->
<testsuite ignored="0" hostname="LAPTOP-U7V874M3" failures="0" tests="5" name="Test" time="41.44" errors="0" timestamp="2024-04-23T20:06:01 IST">
  <testcase classname="tests.LoginTest" name="login" time="6.813"/>
  <testcase classname="tests.LoginTest" name="login" time="6.878"/>
  <testcase classname="tests.LoginTest" name="login" time="6.786"/>
  <testcase classname="tests.BuyTest" name="openbrowser" time="3.615"/>
  <testcase classname="tests.SecondTest" name="sample" time="3.616"/>
</testsuite> <!-- Test -->
