-------------------------------------------------------------------------------
Test set: TestSuite
-------------------------------------------------------------------------------
Tests run: 5, Failures: 1, Errors: 0, Skipped: 0, Time elapsed: 43.266 s <<< FAILURE! - in TestSuite
sample(tests.SecondTest)  Time elapsed: 2.578 s  <<< FAILURE!
java.lang.AssertionError: expected [true] but found [false]
	at tests.SecondTest.sample(SecondTest.java:18)

